2021-05-25 22:28:06	?	http://vestidos.pw.com/admin/	Error: 	Exception: SQLSTATE[HY000] [2002] No se puede establecer una conexión ya que el equipo de destino denegó expresamente dicha conexión.   (in S:\www\orpot\vestidos\wire\core\ProcessWire.php line 494)  #0 S:\www\orpot\vestidos\wire\core\ProcessWire.php(302): ProcessWire\ProcessWire->load(Object(ProcessWire\Config)) #1 S:\www\orpot\vestidos\index.php(52): ProcessWire\ProcessWire->__construct(Object(ProcessWire\Config)) #2 {main}
2021-05-25 22:28:17	?	http://vestidos.pw.com/admin/	Error: 	Exception: SQLSTATE[HY000] [2002] No se puede establecer una conexión ya que el equipo de destino denegó expresamente dicha conexión.   (in S:\www\orpot\vestidos\wire\core\ProcessWire.php line 494)  #0 S:\www\orpot\vestidos\wire\core\ProcessWire.php(302): ProcessWire\ProcessWire->load(Object(ProcessWire\Config)) #1 S:\www\orpot\vestidos\index.php(52): ProcessWire\ProcessWire->__construct(Object(ProcessWire\Config)) #2 {main}
2021-05-26 12:04:13	guest	http://vestidos.pw.com/	Parse Error: 	syntax error, unexpected '{' (line 9 of S:\www\orpot\vestidos\site\assets\cache\FileCompiler\site\templates\home.php)
2021-05-26 12:11:12	guest	http://vestidos.pw.com/	Parse Error: 	syntax error, unexpected '$items' (T_VARIABLE) (line 13 of S:\www\orpot\vestidos\site\assets\cache\FileCompiler\site\templates\home.php)
2021-06-01 17:01:57	?	http://vestidos.pw.com/	Error: 	Exception: SQLSTATE[HY000] [2002] No se puede establecer una conexión ya que el equipo de destino denegó expresamente dicha conexión.   (in S:\www\orpot\vestidos\wire\core\ProcessWire.php line 494)  #0 S:\www\orpot\vestidos\wire\core\ProcessWire.php(302): ProcessWire\ProcessWire->load(Object(ProcessWire\Config)) #1 S:\www\orpot\vestidos\index.php(52): ProcessWire\ProcessWire->__construct(Object(ProcessWire\Config)) #2 {main}
2021-06-01 17:17:48	guest	http://vestidos.pw.com/tiendas/nina-resens/productos/	Parse Error: 	syntax error, unexpected '}', expecting end of file (line 54 of S:\www\orpot\vestidos\site\assets\cache\FileCompiler\site\templates\productos.php)
2021-06-01 18:09:29	admin	http://vestidos.pw.com/admin/page/edit/	Fatal Error: 	Uncaught Error: Call to a member function get() on null in S:\www\orpot\vestidos\site\ready.php:5 Stack trace: #0 S:\www\orpot\vestidos\wire\core\WireHooks.php(915): ProcessWire\ProcessWire->{closure}(Object(ProcessWire\HookEvent)) #1 S:\www\orpot\vestidos\wire\core\Wire.php(465): ProcessWire\WireHooks->runHooks(Object(ProcessWire\InputfieldPage), 'getSelectablePa...', Array) #2 S:\www\orpot\vestidos\wire\modules\Inputfield\InputfieldPage\InputfieldPage.module(526): ProcessWire\Wire->__call('getSelectablePa...', Array) #3 S:\www\orpot\vestidos\wire\modules\Inputfield\InputfieldPage\InputfieldPage.module(606): ProcessWire\InputfieldPage->getInputfield() #4 S:\www\orpot\vestidos\wire\core\InputfieldWrapper.php(883): ProcessWire\InputfieldPage->renderReady(Object(ProcessWire\InputfieldWrapper), false) #5 S:\www\orpot\vestidos\wire\core\Wire.php(400): ProcessWire\InputfieldWrapper->___renderInputfield(Object(ProcessWire\InputfieldPage), false) #6 S:\www\orpot\vestidos\wire\core\WireHooks.php(823): ProcessWire\Wir (line 5 of S:\www\orpot\vestidos\site\ready.php)
2021-06-01 18:11:21	admin	http://vestidos.pw.com/admin/page/edit/	Fatal Error: 	Uncaught Error: Call to a member function parent() on null in S:\www\orpot\vestidos\site\ready.php:5 Stack trace: #0 S:\www\orpot\vestidos\wire\core\WireHooks.php(915): ProcessWire\ProcessWire->{closure}(Object(ProcessWire\HookEvent)) #1 S:\www\orpot\vestidos\wire\core\Wire.php(465): ProcessWire\WireHooks->runHooks(Object(ProcessWire\InputfieldPage), 'getSelectablePa...', Array) #2 S:\www\orpot\vestidos\wire\modules\Inputfield\InputfieldPage\InputfieldPage.module(526): ProcessWire\Wire->__call('getSelectablePa...', Array) #3 S:\www\orpot\vestidos\wire\modules\Inputfield\InputfieldPage\InputfieldPage.module(606): ProcessWire\InputfieldPage->getInputfield() #4 S:\www\orpot\vestidos\wire\core\InputfieldWrapper.php(883): ProcessWire\InputfieldPage->renderReady(Object(ProcessWire\InputfieldWrapper), false) #5 S:\www\orpot\vestidos\wire\core\Wire.php(400): ProcessWire\InputfieldWrapper->___renderInputfield(Object(ProcessWire\InputfieldPage), false) #6 S:\www\orpot\vestidos\wire\core\WireHooks.php(823): ProcessWire\ (line 5 of S:\www\orpot\vestidos\site\ready.php)
2021-06-01 18:22:46	admin	http://vestidos.pw.com/admin/page/edit/	Parse Error: 	syntax error, unexpected 'print_r' (T_STRING) (line 9 of S:\www\orpot\vestidos\site\assets\cache\FileCompiler\site\ready.php)
2021-06-01 18:24:01	admin	http://vestidos.pw.com/admin/page/edit/	Fatal Error: 	Uncaught Error: Call to a member function get() on null in S:\www\orpot\vestidos\site\assets\cache\FileCompiler\site\ready.php:8 Stack trace: #0 S:\www\orpot\vestidos\wire\core\WireHooks.php(915): ProcessWire\ProcessWire->{closure}(Object(ProcessWire\HookEvent)) #1 S:\www\orpot\vestidos\wire\core\Wire.php(465): ProcessWire\WireHooks->runHooks(Object(ProcessWire\InputfieldPage), 'getSelectablePa...', Array) #2 S:\www\orpot\vestidos\wire\modules\Inputfield\InputfieldPage\InputfieldPage.module(526): ProcessWire\Wire->__call('getSelectablePa...', Array) #3 S:\www\orpot\vestidos\wire\modules\Inputfield\InputfieldPage\InputfieldPage.module(606): ProcessWire\InputfieldPage->getInputfield() #4 S:\www\orpot\vestidos\wire\core\InputfieldWrapper.php(883): ProcessWire\InputfieldPage->renderReady(Object(ProcessWire\InputfieldWrapper), false) #5 S:\www\orpot\vestidos\wire\core\Wire.php(400): ProcessWire\InputfieldWrapper->___renderInputfield(Object(ProcessWire\InputfieldPage), false) #6 S:\www\orpot\vestidos\wire\core\Wire (line 8 of S:\www\orpot\vestidos\site\assets\cache\FileCompiler\site\ready.php)
2021-06-01 18:24:13	admin	http://vestidos.pw.com/admin/page/edit/	Fatal Error: 	Uncaught Error: Call to a member function get() on null in S:\www\orpot\vestidos\site\assets\cache\FileCompiler\site\ready.php:8 Stack trace: #0 S:\www\orpot\vestidos\wire\core\WireHooks.php(915): ProcessWire\ProcessWire->{closure}(Object(ProcessWire\HookEvent)) #1 S:\www\orpot\vestidos\wire\core\Wire.php(465): ProcessWire\WireHooks->runHooks(Object(ProcessWire\InputfieldPage), 'getSelectablePa...', Array) #2 S:\www\orpot\vestidos\wire\modules\Inputfield\InputfieldPage\InputfieldPage.module(526): ProcessWire\Wire->__call('getSelectablePa...', Array) #3 S:\www\orpot\vestidos\wire\modules\Inputfield\InputfieldPage\InputfieldPage.module(606): ProcessWire\InputfieldPage->getInputfield() #4 S:\www\orpot\vestidos\wire\core\InputfieldWrapper.php(883): ProcessWire\InputfieldPage->renderReady(Object(ProcessWire\InputfieldWrapper), false) #5 S:\www\orpot\vestidos\wire\core\Wire.php(400): ProcessWire\InputfieldWrapper->___renderInputfield(Object(ProcessWire\InputfieldPage), false) #6 S:\www\orpot\vestidos\wire\core\Wire (line 8 of S:\www\orpot\vestidos\site\assets\cache\FileCompiler\site\ready.php)
2021-06-01 18:24:24	admin	http://vestidos.pw.com/admin/page/edit/	Fatal Error: 	Uncaught Error: Call to a member function get() on null in S:\www\orpot\vestidos\site\assets\cache\FileCompiler\site\ready.php:8 Stack trace: #0 S:\www\orpot\vestidos\wire\core\WireHooks.php(915): ProcessWire\ProcessWire->{closure}(Object(ProcessWire\HookEvent)) #1 S:\www\orpot\vestidos\wire\core\Wire.php(465): ProcessWire\WireHooks->runHooks(Object(ProcessWire\InputfieldPage), 'getSelectablePa...', Array) #2 S:\www\orpot\vestidos\wire\modules\Inputfield\InputfieldPage\InputfieldPage.module(526): ProcessWire\Wire->__call('getSelectablePa...', Array) #3 S:\www\orpot\vestidos\wire\modules\Inputfield\InputfieldPage\InputfieldPage.module(606): ProcessWire\InputfieldPage->getInputfield() #4 S:\www\orpot\vestidos\wire\core\InputfieldWrapper.php(883): ProcessWire\InputfieldPage->renderReady(Object(ProcessWire\InputfieldWrapper), false) #5 S:\www\orpot\vestidos\wire\core\Wire.php(400): ProcessWire\InputfieldWrapper->___renderInputfield(Object(ProcessWire\InputfieldPage), false) #6 S:\www\orpot\vestidos\wire\core\Wire (line 8 of S:\www\orpot\vestidos\site\assets\cache\FileCompiler\site\ready.php)
2021-06-01 18:26:59	admin	http://vestidos.pw.com/admin/page/edit/	Fatal Error: 	Uncaught Error: Call to a member function getOptions() on null in S:\www\orpot\vestidos\site\assets\cache\FileCompiler\site\ready.php:9 Stack trace: #0 S:\www\orpot\vestidos\wire\core\WireHooks.php(915): ProcessWire\ProcessWire->{closure}(Object(ProcessWire\HookEvent)) #1 S:\www\orpot\vestidos\wire\core\Wire.php(465): ProcessWire\WireHooks->runHooks(Object(ProcessWire\InputfieldPage), 'getSelectablePa...', Array) #2 S:\www\orpot\vestidos\wire\modules\Inputfield\InputfieldPage\InputfieldPage.module(526): ProcessWire\Wire->__call('getSelectablePa...', Array) #3 S:\www\orpot\vestidos\wire\modules\Inputfield\InputfieldPage\InputfieldPage.module(606): ProcessWire\InputfieldPage->getInputfield() #4 S:\www\orpot\vestidos\wire\core\InputfieldWrapper.php(883): ProcessWire\InputfieldPage->renderReady(Object(ProcessWire\InputfieldWrapper), false) #5 S:\www\orpot\vestidos\wire\core\Wire.php(400): ProcessWire\InputfieldWrapper->___renderInputfield(Object(ProcessWire\InputfieldPage), false) #6 S:\www\orpot\vestidos\wire\co (line 9 of S:\www\orpot\vestidos\site\assets\cache\FileCompiler\site\ready.php)
2021-06-01 18:27:48	admin	http://vestidos.pw.com/admin/page/edit/	Fatal Error: 	Uncaught Error: Call to a member function getOptions() on null in S:\www\orpot\vestidos\site\assets\cache\FileCompiler\site\ready.php:9 Stack trace: #0 S:\www\orpot\vestidos\wire\core\WireHooks.php(915): ProcessWire\ProcessWire->{closure}(Object(ProcessWire\HookEvent)) #1 S:\www\orpot\vestidos\wire\core\Wire.php(465): ProcessWire\WireHooks->runHooks(Object(ProcessWire\InputfieldPage), 'getSelectablePa...', Array) #2 S:\www\orpot\vestidos\wire\modules\Inputfield\InputfieldPage\InputfieldPage.module(526): ProcessWire\Wire->__call('getSelectablePa...', Array) #3 S:\www\orpot\vestidos\wire\modules\Inputfield\InputfieldPage\InputfieldPage.module(606): ProcessWire\InputfieldPage->getInputfield() #4 S:\www\orpot\vestidos\wire\core\InputfieldWrapper.php(883): ProcessWire\InputfieldPage->renderReady(Object(ProcessWire\InputfieldWrapper), false) #5 S:\www\orpot\vestidos\wire\core\Wire.php(400): ProcessWire\InputfieldWrapper->___renderInputfield(Object(ProcessWire\InputfieldPage), false) #6 S:\www\orpot\vestidos\wire\co (line 9 of S:\www\orpot\vestidos\site\assets\cache\FileCompiler\site\ready.php)
2021-06-01 20:19:47	guest	http://vestidos.pw.com/tiendas/nina-resens/	Error: 	Exception: Method Pages::children does not exist or is not callable in this context (in S:\www\orpot\vestidos\wire\core\Wire.php line 544)  #0 S:\www\orpot\vestidos\wire\core\Wire.php(400): ProcessWire\Wire->___callUnknown('children', Array) #1 S:\www\orpot\vestidos\wire\core\WireHooks.php(823): ProcessWire\Wire->_callMethod('___callUnknown', Array) #2 S:\www\orpot\vestidos\wire\core\Wire.php(465): ProcessWire\WireHooks->runHooks(Object(ProcessWire\Pages), 'callUnknown', Array) #3 S:\www\orpot\vestidos\wire\core\Wire.php(468): ProcessWire\Wire->__call('callUnknown', Array) #4 S:\www\orpot\vestidos\site\assets\cache\FileCompiler\site\templates\store.php(2): ProcessWire\Wire->__call('children', Array) #5 S:\www\orpot\vestidos\wire\core\TemplateFile.php(318): require('S:\\www\\orpot\\ve...') #6 S:\www\orpot\vestidos\wire\core\Wire.php(394): ProcessWire\TemplateFile->___render() #7 S:\www\orpot\vestidos\wire\core\WireHooks.php(823): ProcessWire\Wire->_callMethod('___render', Array) #8 S:\www\orpot\vestidos\wire\c
2021-06-01 20:25:12	guest	http://vestidos.pw.com/tiendas/nina-resens/	Parse Error: 	syntax error, unexpected '=>' (T_DOUBLE_ARROW) (line 9 of S:\www\orpot\vestidos\site\templates\store.php)
2021-06-01 20:47:29	guest	http://vestidos.pw.com/tiendas/nina-resens/	Parse Error: 	syntax error, unexpected ''store_twitter'' (T_CONSTANT_ENCAPSED_STRING), expecting ')' (line 79 of S:\www\orpot\vestidos\site\templates\store.php)
2021-06-01 21:36:17	admin	http://vestidos.pw.com/tiendas/nina-resens/distribuidores/	Parse Error: 	syntax error, unexpected '}', expecting end of file (line 24 of S:\www\orpot\vestidos\site\templates\distribuidores.php)
